1548711754747	mozrunner::runner	INFO	Running command: "/usr/bin/firefox" "-marionette" "-headless" "-foreground" "-no-remote" "-profile" "/tmp/rust_mozprofile.TEw3bLDUS2TH"
*** You are running in headless mode.
1548711755487	addons.webextension.screenshots@mozilla.org	WARN	Loading extension 'screenshots@mozilla.org': Reading manifest: Invalid host permission: resource://pdf.js/
1548711755488	addons.webextension.screenshots@mozilla.org	WARN	Loading extension 'screenshots@mozilla.org': Reading manifest: Invalid host permission: about:reader*
JavaScript error: jar:file:///usr/lib/firefox/omni.ja!/components/addonsInfo.js, line 105: TypeError: XPCOMUtils.generateQI is not a function
1548711758658	Marionette	INFO	Listening on port 53300
1548711759150	Marionette	WARN	TLS certificate errors will be ignored for this session
console.error: BroadcastService: 
  receivedBroadcastMessage: handler for
  remote-settings/monitor_changes
  threw error:
  Message: Error: Polling for changes failed: NetworkError when attempting to fetch resource..
  Stack:
    remoteSettingsFunction/remoteSettings.pollChanges@resource://services-settings/remote-settings.js:750:13

1548711790524	mozrunner::runner	INFO	Running command: "/usr/bin/firefox" "-marionette" "-headless" "-foreground" "-no-remote" "-profile" "/tmp/rust_mozprofile.mwrAnmr9MPFe"
*** You are running in headless mode.
1548711791256	addons.webextension.screenshots@mozilla.org	WARN	Loading extension 'screenshots@mozilla.org': Reading manifest: Invalid host permission: resource://pdf.js/
1548711791256	addons.webextension.screenshots@mozilla.org	WARN	Loading extension 'screenshots@mozilla.org': Reading manifest: Invalid host permission: about:reader*
JavaScript error: jar:file:///usr/lib/firefox/omni.ja!/components/addonsInfo.js, line 105: TypeError: XPCOMUtils.generateQI is not a function
1548711795484	Marionette	INFO	Listening on port 53330
1548711795947	Marionette	WARN	TLS certificate errors will be ignored for this session
console.error: BroadcastService: 
  receivedBroadcastMessage: handler for
  remote-settings/monitor_changes
  threw error:
  Message: Error: Polling for changes failed: NetworkError when attempting to fetch resource..
  Stack:
    remoteSettingsFunction/remoteSettings.pollChanges@resource://services-settings/remote-settings.js:750:13

1548714869813	mozrunner::runner	INFO	Running command: "/usr/bin/firefox" "-marionette" "-headless" "-foreground" "-no-remote" "-profile" "/tmp/rust_mozprofile.LDoTm0wTnvCL"
*** You are running in headless mode.
1548714870616	addons.webextension.screenshots@mozilla.org	WARN	Loading extension 'screenshots@mozilla.org': Reading manifest: Invalid host permission: resource://pdf.js/
1548714870616	addons.webextension.screenshots@mozilla.org	WARN	Loading extension 'screenshots@mozilla.org': Reading manifest: Invalid host permission: about:reader*
JavaScript error: jar:file:///usr/lib/firefox/omni.ja!/components/addonsInfo.js, line 105: TypeError: XPCOMUtils.generateQI is not a function
1548714874828	Marionette	INFO	Listening on port 53710
1548714875276	Marionette	WARN	TLS certificate errors will be ignored for this session
console.error: BroadcastService: 
  receivedBroadcastMessage: handler for
  remote-settings/monitor_changes
  threw error:
  Message: Error: Polling for changes failed: NetworkError when attempting to fetch resource..
  Stack:
    remoteSettingsFunction/remoteSettings.pollChanges@resource://services-settings/remote-settings.js:750:13

1548714905580	mozrunner::runner	INFO	Running command: "/usr/bin/firefox" "-marionette" "-headless" "-foreground" "-no-remote" "-profile" "/tmp/rust_mozprofile.tW1ooAOMJlOr"
*** You are running in headless mode.
1548714906207	addons.webextension.screenshots@mozilla.org	WARN	Loading extension 'screenshots@mozilla.org': Reading manifest: Invalid host permission: resource://pdf.js/
1548714906207	addons.webextension.screenshots@mozilla.org	WARN	Loading extension 'screenshots@mozilla.org': Reading manifest: Invalid host permission: about:reader*
JavaScript error: jar:file:///usr/lib/firefox/omni.ja!/components/addonsInfo.js, line 105: TypeError: XPCOMUtils.generateQI is not a function
1548714910474	Marionette	INFO	Listening on port 53747
1548714910545	Marionette	WARN	TLS certificate errors will be ignored for this session
console.error: BroadcastService: 
  receivedBroadcastMessage: handler for
  remote-settings/monitor_changes
  threw error:
  Message: Error: Polling for changes failed: NetworkError when attempting to fetch resource..
  Stack:
    remoteSettingsFunction/remoteSettings.pollChanges@resource://services-settings/remote-settings.js:750:13

1548715004631	mozrunner::runner	INFO	Running command: "/usr/bin/firefox" "-marionette" "-headless" "-foreground" "-no-remote" "-profile" "/tmp/rust_mozprofile.NhycpNrwIwLT"
*** You are running in headless mode.
1548715005237	addons.webextension.screenshots@mozilla.org	WARN	Loading extension 'screenshots@mozilla.org': Reading manifest: Invalid host permission: resource://pdf.js/
1548715005237	addons.webextension.screenshots@mozilla.org	WARN	Loading extension 'screenshots@mozilla.org': Reading manifest: Invalid host permission: about:reader*
JavaScript error: jar:file:///usr/lib/firefox/omni.ja!/components/addonsInfo.js, line 105: TypeError: XPCOMUtils.generateQI is not a function
1548715009512	Marionette	INFO	Listening on port 53807
1548715009635	Marionette	WARN	TLS certificate errors will be ignored for this session
console.error: BroadcastService: 
  receivedBroadcastMessage: handler for
  remote-settings/monitor_changes
  threw error:
  Message: Error: Polling for changes failed: NetworkError when attempting to fetch resource..
  Stack:
    remoteSettingsFunction/remoteSettings.pollChanges@resource://services-settings/remote-settings.js:750:13

1548715067297	mozrunner::runner	INFO	Running command: "/usr/bin/firefox" "-marionette" "-headless" "-foreground" "-no-remote" "-profile" "/tmp/rust_mozprofile.KXS2zMPW75zN"
*** You are running in headless mode.
1548715067938	addons.webextension.screenshots@mozilla.org	WARN	Loading extension 'screenshots@mozilla.org': Reading manifest: Invalid host permission: resource://pdf.js/
1548715067938	addons.webextension.screenshots@mozilla.org	WARN	Loading extension 'screenshots@mozilla.org': Reading manifest: Invalid host permission: about:reader*
JavaScript error: jar:file:///usr/lib/firefox/omni.ja!/components/addonsInfo.js, line 105: TypeError: XPCOMUtils.generateQI is not a function
1548715071873	Marionette	INFO	Listening on port 53855
1548715072216	Marionette	WARN	TLS certificate errors will be ignored for this session
1548715087696	Marionette	INFO	Stopped listening on port 53855
1548715118415	mozrunner::runner	INFO	Running command: "/usr/bin/firefox" "-marionette" "-headless" "-foreground" "-no-remote" "-profile" "/tmp/rust_mozprofile.18u4CIsvSMQl"
*** You are running in headless mode.
1548715119025	addons.webextension.screenshots@mozilla.org	WARN	Loading extension 'screenshots@mozilla.org': Reading manifest: Invalid host permission: resource://pdf.js/
1548715119026	addons.webextension.screenshots@mozilla.org	WARN	Loading extension 'screenshots@mozilla.org': Reading manifest: Invalid host permission: about:reader*
JavaScript error: jar:file:///usr/lib/firefox/omni.ja!/components/addonsInfo.js, line 105: TypeError: XPCOMUtils.generateQI is not a function
1548715123028	Marionette	INFO	Listening on port 53910
1548715123368	Marionette	WARN	TLS certificate errors will be ignored for this session
1548715139217	Marionette	INFO	Stopped listening on port 53910
[Parent 13644, Gecko_IOThread] WARNING: pipe error: Broken pipe: file /build/firefox-aWTakU/firefox-64.0/ipc/chromium/src/chrome/common/ipc_channel_posix.cc, line 736
1548715160422	mozrunner::runner	INFO	Running command: "/usr/bin/firefox" "-marionette" "-headless" "-foreground" "-no-remote" "-profile" "/tmp/rust_mozprofile.N5RrsbssjXC9"
*** You are running in headless mode.
1548715161033	addons.webextension.screenshots@mozilla.org	WARN	Loading extension 'screenshots@mozilla.org': Reading manifest: Invalid host permission: resource://pdf.js/
1548715161033	addons.webextension.screenshots@mozilla.org	WARN	Loading extension 'screenshots@mozilla.org': Reading manifest: Invalid host permission: about:reader*
JavaScript error: jar:file:///usr/lib/firefox/omni.ja!/components/addonsInfo.js, line 105: TypeError: XPCOMUtils.generateQI is not a function
1548715164884	Marionette	INFO	Listening on port 53960
1548715165337	Marionette	WARN	TLS certificate errors will be ignored for this session
console.error: BroadcastService: 
  receivedBroadcastMessage: handler for
  remote-settings/monitor_changes
  threw error:
  Message: Error: Polling for changes failed: NetworkError when attempting to fetch resource..
  Stack:
    remoteSettingsFunction/remoteSettings.pollChanges@resource://services-settings/remote-settings.js:750:13

1548715232976	mozrunner::runner	INFO	Running command: "/usr/bin/firefox" "-marionette" "-headless" "-foreground" "-no-remote" "-profile" "/tmp/rust_mozprofile.p8bSdnuOQQdQ"
*** You are running in headless mode.
1548715233666	addons.webextension.screenshots@mozilla.org	WARN	Loading extension 'screenshots@mozilla.org': Reading manifest: Invalid host permission: resource://pdf.js/
1548715233667	addons.webextension.screenshots@mozilla.org	WARN	Loading extension 'screenshots@mozilla.org': Reading manifest: Invalid host permission: about:reader*
JavaScript error: jar:file:///usr/lib/firefox/omni.ja!/components/addonsInfo.js, line 105: TypeError: XPCOMUtils.generateQI is not a function
1548715238190	Marionette	INFO	Listening on port 54005
1548715238436	Marionette	WARN	TLS certificate errors will be ignored for this session
1548715258086	Marionette	INFO	Stopped listening on port 54005
1548721001839	mozrunner::runner	INFO	Running command: "/usr/bin/firefox" "-marionette" "-headless" "-foreground" "-no-remote" "-profile" "/tmp/rust_mozprofile.YZqxNvb9hUlJ"
*** You are running in headless mode.
1548721002987	addons.webextension.screenshots@mozilla.org	WARN	Loading extension 'screenshots@mozilla.org': Reading manifest: Invalid host permission: resource://pdf.js/
1548721002988	addons.webextension.screenshots@mozilla.org	WARN	Loading extension 'screenshots@mozilla.org': Reading manifest: Invalid host permission: about:reader*
JavaScript error: jar:file:///usr/lib/firefox/omni.ja!/components/addonsInfo.js, line 105: TypeError: XPCOMUtils.generateQI is not a function
1548721009435	Marionette	INFO	Listening on port 54365
1548721009488	Marionette	WARN	TLS certificate errors will be ignored for this session
console.error: BroadcastService: 
  receivedBroadcastMessage: handler for
  remote-settings/monitor_changes
  threw error:
  Message: Error: Polling for changes failed: NetworkError when attempting to fetch resource..
  Stack:
    remoteSettingsFunction/remoteSettings.pollChanges@resource://services-settings/remote-settings.js:750:13

1548721037377	Marionette	INFO	Stopped listening on port 54365
[Child 15138, Chrome_ChildThread] WARNING: pipe error: Broken pipe: file /build/firefox-aWTakU/firefox-64.0/ipc/chromium/src/chrome/common/ipc_channel_posix.cc, line 736

###!!! [Child][RunMessage] Error: Channel closing: too late to send/recv, messages will be lost

1548723054094	mozrunner::runner	INFO	Running command: "/usr/bin/firefox" "-marionette" "-headless" "-foreground" "-no-remote" "-profile" "/tmp/rust_mozprofile.S0ulXN0cq0Jd"
*** You are running in headless mode.
1548723055467	addons.webextension.screenshots@mozilla.org	WARN	Loading extension 'screenshots@mozilla.org': Reading manifest: Invalid host permission: resource://pdf.js/
1548723055467	addons.webextension.screenshots@mozilla.org	WARN	Loading extension 'screenshots@mozilla.org': Reading manifest: Invalid host permission: about:reader*
JavaScript error: jar:file:///usr/lib/firefox/omni.ja!/components/addonsInfo.js, line 105: TypeError: XPCOMUtils.generateQI is not a function
1548723061228	Marionette	INFO	Listening on port 54718
1548723061242	Marionette	WARN	TLS certificate errors will be ignored for this session
console.error: BroadcastService: 
  receivedBroadcastMessage: handler for
  remote-settings/monitor_changes
  threw error:
  Message: Error: Polling for changes failed: NetworkError when attempting to fetch resource..
  Stack:
    remoteSettingsFunction/remoteSettings.pollChanges@resource://services-settings/remote-settings.js:750:13

1548723152614	mozrunner::runner	INFO	Running command: "/usr/bin/firefox" "-marionette" "-headless" "-foreground" "-no-remote" "-profile" "/tmp/rust_mozprofile.oMUmAS1S4VAB"
*** You are running in headless mode.
1548723154190	addons.webextension.screenshots@mozilla.org	WARN	Loading extension 'screenshots@mozilla.org': Reading manifest: Invalid host permission: resource://pdf.js/
1548723154190	addons.webextension.screenshots@mozilla.org	WARN	Loading extension 'screenshots@mozilla.org': Reading manifest: Invalid host permission: about:reader*
JavaScript error: jar:file:///usr/lib/firefox/omni.ja!/components/addonsInfo.js, line 105: TypeError: XPCOMUtils.generateQI is not a function
1548723159729	Marionette	INFO	Listening on port 54762
1548723159908	Marionette	WARN	TLS certificate errors will be ignored for this session
console.error: BroadcastService: 
  receivedBroadcastMessage: handler for
  remote-settings/monitor_changes
  threw error:
  Message: Error: Polling for changes failed: NetworkError when attempting to fetch resource..
  Stack:
    remoteSettingsFunction/remoteSettings.pollChanges@resource://services-settings/remote-settings.js:750:13

1548723213376	mozrunner::runner	INFO	Running command: "/usr/bin/firefox" "-marionette" "-headless" "-foreground" "-no-remote" "-profile" "/tmp/rust_mozprofile.FFFiqSHpLHS2"
*** You are running in headless mode.
1548723214993	addons.webextension.screenshots@mozilla.org	WARN	Loading extension 'screenshots@mozilla.org': Reading manifest: Invalid host permission: resource://pdf.js/
1548723214993	addons.webextension.screenshots@mozilla.org	WARN	Loading extension 'screenshots@mozilla.org': Reading manifest: Invalid host permission: about:reader*
JavaScript error: jar:file:///usr/lib/firefox/omni.ja!/components/addonsInfo.js, line 105: TypeError: XPCOMUtils.generateQI is not a function
1548723220364	Marionette	INFO	Listening on port 54815
1548723220563	Marionette	WARN	TLS certificate errors will be ignored for this session
console.error: BroadcastService: 
  receivedBroadcastMessage: handler for
  remote-settings/monitor_changes
  threw error:
  Message: Error: Polling for changes failed: NetworkError when attempting to fetch resource..
  Stack:
    remoteSettingsFunction/remoteSettings.pollChanges@resource://services-settings/remote-settings.js:750:13

1548723295323	mozrunner::runner	INFO	Running command: "/usr/bin/firefox" "-marionette" "-headless" "-foreground" "-no-remote" "-profile" "/tmp/rust_mozprofile.wd7P57XK8ygj"
*** You are running in headless mode.
1548723296954	addons.webextension.screenshots@mozilla.org	WARN	Loading extension 'screenshots@mozilla.org': Reading manifest: Invalid host permission: resource://pdf.js/
1548723296955	addons.webextension.screenshots@mozilla.org	WARN	Loading extension 'screenshots@mozilla.org': Reading manifest: Invalid host permission: about:reader*
JavaScript error: jar:file:///usr/lib/firefox/omni.ja!/components/addonsInfo.js, line 105: TypeError: XPCOMUtils.generateQI is not a function
1548723302748	Marionette	INFO	Listening on port 54883
1548723302978	Marionette	WARN	TLS certificate errors will be ignored for this session
console.error: BroadcastService: 
  receivedBroadcastMessage: handler for
  remote-settings/monitor_changes
  threw error:
  Message: Error: Polling for changes failed: NetworkError when attempting to fetch resource..
  Stack:
    remoteSettingsFunction/remoteSettings.pollChanges@resource://services-settings/remote-settings.js:750:13

1548723391107	mozrunner::runner	INFO	Running command: "/usr/bin/firefox" "-marionette" "-headless" "-foreground" "-no-remote" "-profile" "/tmp/rust_mozprofile.0UPiPETsUNdB"
*** You are running in headless mode.
1548723392809	addons.webextension.screenshots@mozilla.org	WARN	Loading extension 'screenshots@mozilla.org': Reading manifest: Invalid host permission: resource://pdf.js/
1548723392809	addons.webextension.screenshots@mozilla.org	WARN	Loading extension 'screenshots@mozilla.org': Reading manifest: Invalid host permission: about:reader*
JavaScript error: jar:file:///usr/lib/firefox/omni.ja!/components/addonsInfo.js, line 105: TypeError: XPCOMUtils.generateQI is not a function
1548723397885	Marionette	INFO	Listening on port 54945
1548723398234	Marionette	WARN	TLS certificate errors will be ignored for this session
console.error: BroadcastService: 
  receivedBroadcastMessage: handler for
  remote-settings/monitor_changes
  threw error:
  Message: Error: Polling for changes failed: NetworkError when attempting to fetch resource..
  Stack:
    remoteSettingsFunction/remoteSettings.pollChanges@resource://services-settings/remote-settings.js:750:13

[Child 17449, Chrome_ChildThread] WARNING: pipe error: Broken pipe: file /build/firefox-aWTakU/firefox-64.0/ipc/chromium/src/chrome/common/ipc_channel_posix.cc, line 736
[Child 17449, Chrome_ChildThread] WARNING: pipe error: Broken pipe: file /build/firefox-aWTakU/firefox-64.0/ipc/chromium/src/chrome/common/ipc_channel_posix.cc, line 736
[Child 17449, Chrome_ChildThread] WARNING: pipe error: Broken pipe: file /build/firefox-aWTakU/firefox-64.0/ipc/chromium/src/chrome/common/ipc_channel_posix.cc, line 736
[Child 17449, Chrome_ChildThread] WARNING: pipe error: Broken pipe: file /build/firefox-aWTakU/firefox-64.0/ipc/chromium/src/chrome/common/ipc_channel_posix.cc, line 736
1548723608006	mozrunner::runner	INFO	Running command: "/usr/bin/firefox" "-marionette" "-headless" "-foreground" "-no-remote" "-profile" "/tmp/rust_mozprofile.AOw75SZeyU3n"
*** You are running in headless mode.
1548723609310	addons.webextension.screenshots@mozilla.org	WARN	Loading extension 'screenshots@mozilla.org': Reading manifest: Invalid host permission: resource://pdf.js/
1548723609311	addons.webextension.screenshots@mozilla.org	WARN	Loading extension 'screenshots@mozilla.org': Reading manifest: Invalid host permission: about:reader*
JavaScript error: jar:file:///usr/lib/firefox/omni.ja!/components/addonsInfo.js, line 105: TypeError: XPCOMUtils.generateQI is not a function
1548723617820	Marionette	INFO	Listening on port 55016
1548723617847	Marionette	WARN	TLS certificate errors will be ignored for this session
console.error: BroadcastService: 
  receivedBroadcastMessage: handler for
  remote-settings/monitor_changes
  threw error:
  Message: Error: Polling for changes failed: NetworkError when attempting to fetch resource..
  Stack:
    remoteSettingsFunction/remoteSettings.pollChanges@resource://services-settings/remote-settings.js:750:13

1548723789676	mozrunner::runner	INFO	Running command: "/usr/bin/firefox" "-marionette" "-headless" "-foreground" "-no-remote" "-profile" "/tmp/rust_mozprofile.5hDiXZrlmyp9"
*** You are running in headless mode.
1548723791101	addons.webextension.screenshots@mozilla.org	WARN	Loading extension 'screenshots@mozilla.org': Reading manifest: Invalid host permission: resource://pdf.js/
1548723791102	addons.webextension.screenshots@mozilla.org	WARN	Loading extension 'screenshots@mozilla.org': Reading manifest: Invalid host permission: about:reader*
JavaScript error: jar:file:///usr/lib/firefox/omni.ja!/components/addonsInfo.js, line 105: TypeError: XPCOMUtils.generateQI is not a function
1548723796174	Marionette	INFO	Listening on port 55075
1548723796217	Marionette	WARN	TLS certificate errors will be ignored for this session
console.error: BroadcastService: 
  receivedBroadcastMessage: handler for
  remote-settings/monitor_changes
  threw error:
  Message: Error: Polling for changes failed: NetworkError when attempting to fetch resource..
  Stack:
    remoteSettingsFunction/remoteSettings.pollChanges@resource://services-settings/remote-settings.js:750:13

1548723827925	Marionette	INFO	Stopped listening on port 55075
